<?xml version="1.0" encoding="UTF-8"?>
<coverage generated="1728199065524" clover="3.2.0">
  <project timestamp="1728199065524" name="All files">
    <metrics statements="12" coveredstatements="12" conditionals="0" coveredconditionals="0" methods="1" coveredmethods="1" elements="13" coveredelements="13" complexity="0" loc="12" ncloc="12" packages="1" files="1" classes="1"/>
    <file name="app.ts" path="/Users/Gus/Documents/CA/Assignments/planthora/planthora-backend/src/app.ts">
      <metrics statements="12" coveredstatements="12" conditionals="0" coveredconditionals="0" methods="1" coveredmethods="1"/>
      <line num="1" count="1" type="stmt"/>
      <line num="2" count="1" type="stmt"/>
      <line num="3" count="1" type="stmt"/>
      <line num="4" count="1" type="stmt"/>
      <line num="7" count="1" type="stmt"/>
      <line num="9" count="1" type="stmt"/>
      <line num="11" count="1" type="stmt"/>
      <line num="12" count="1" type="stmt"/>
      <line num="13" count="1" type="stmt"/>
      <line num="15" count="1" type="stmt"/>
      <line num="17" count="1" type="stmt"/>
      <line num="20" count="1" type="stmt"/>
    </file>
  </project>
</coverage>
