{"/Users/Gus/Documents/CA/Assignments/planthora/planthora-backend/src/app.ts": {"path":"/Users/Gus/Documents/CA/Assignments/planthora/planthora-backend/src/app.ts","statementMap":{"0":{"start":{"line":1,"column":0},"end":{"line":1,"column":53}},"1":{"start":{"line":2,"column":0},"end":{"line":2,"column":50}},"2":{"start":{"line":4,"column":0},"end":{"line":4,"column":28}},"3":{"start":{"line":5,"column":0},"end":{"line":5,"column":28}},"4":{"start":{"line":6,"column":0},"end":{"line":6,"column":28}},"5":{"start":{"line":8,"column":0},"end":{"line":8,"column":16}},"6":{"start":{"line":10,"column":12},"end":{"line":10,"column":21}},"7":{"start":{"line":12,"column":0},"end":{"line":12,"column":24}},"8":{"start":{"line":13,"column":0},"end":{"line":13,"column":18}},"9":{"start":{"line":14,"column":0},"end":{"line":14,"column":24}},"10":{"start":{"line":16,"column":0},"end":{"line":16,"column":29}},"11":{"start":{"line":18,"column":0},"end":{"line":20,"column":3}},"12":{"start":{"line":19,"column":2},"end":{"line":19,"column":51}},"13":{"start":{"line":22,"column":0},"end":{"line":24,"column":3}},"14":{"start":{"line":23,"column":2},"end":{"line":23,"column":51}},"15":{"start":{"line":26,"column":0},"end":{"line":26,"column":19}}},"fnMap":{"0":{"name":"(anonymous_1)","decl":{"start":{"line":18,"column":13},"end":{"line":18,"column":14}},"loc":{"start":{"line":18,"column":45},"end":{"line":20,"column":1}}},"1":{"name":"(anonymous_2)","decl":{"start":{"line":22,"column":14},"end":{"line":22,"column":15}},"loc":{"start":{"line":22,"column":46},"end":{"line":24,"column":1}}}},"branchMap":{},"s":{"0":2,"1":2,"2":2,"3":2,"4":2,"5":2,"6":2,"7":2,"8":2,"9":2,"10":2,"11":2,"12":1,"13":2,"14":0,"15":2},"f":{"0":1,"1":0},"b":{}}
,"/Users/Gus/Documents/CA/Assignments/planthora/planthora-backend/src/controllers/UserRouter.ts": {"path":"/Users/Gus/Documents/CA/Assignments/planthora/planthora-backend/src/controllers/UserRouter.ts","statementMap":{"0":{"start":{"line":1,"column":0},"end":{"line":1,"column":53}},"1":{"start":{"line":2,"column":0},"end":{"line":2,"column":45}},"2":{"start":{"line":4,"column":19},"end":{"line":4,"column":35}},"3":{"start":{"line":7,"column":0},"end":{"line":12,"column":3}},"4":{"start":{"line":7,"column":56},"end":{"line":12,"column":2}},"5":{"start":{"line":8,"column":21},"end":{"line":8,"column":45}},"6":{"start":{"line":10,"column":4},"end":{"line":10,"column":26}},"7":{"start":{"line":11,"column":4},"end":{"line":11,"column":67}},"8":{"start":{"line":15,"column":0},"end":{"line":28,"column":3}},"9":{"start":{"line":15,"column":57},"end":{"line":28,"column":2}},"10":{"start":{"line":16,"column":41},"end":{"line":16,"column":49}},"11":{"start":{"line":17,"column":4},"end":{"line":27,"column":5}},"12":{"start":{"line":18,"column":24},"end":{"line":22,"column":10}},"13":{"start":{"line":23,"column":26},"end":{"line":23,"column":46}},"14":{"start":{"line":24,"column":8},"end":{"line":24,"column":40}},"15":{"start":{"line":26,"column":8},"end":{"line":26,"column":80}},"16":{"start":{"line":31,"column":0},"end":{"line":45,"column":3}},"17":{"start":{"line":31,"column":61},"end":{"line":45,"column":2}},"18":{"start":{"line":32,"column":4},"end":{"line":44,"column":5}},"19":{"start":{"line":33,"column":28},"end":{"line":36,"column":null}},"20":{"start":{"line":38,"column":8},"end":{"line":40,"column":9}},"21":{"start":{"line":41,"column":8},"end":{"line":41,"column":90}},"22":{"start":{"line":43,"column":8},"end":{"line":43,"column":82}},"23":{"start":{"line":48,"column":0},"end":{"line":53,"column":3}},"24":{"start":{"line":48,"column":59},"end":{"line":53,"column":2}},"25":{"start":{"line":49,"column":23},"end":{"line":49,"column":62}},"26":{"start":{"line":51,"column":4},"end":{"line":51,"column":28}},"27":{"start":{"line":52,"column":4},"end":{"line":52,"column":79}},"28":{"start":{"line":56,"column":0},"end":{"line":66,"column":3}},"29":{"start":{"line":56,"column":62},"end":{"line":66,"column":2}},"30":{"start":{"line":57,"column":4},"end":{"line":65,"column":5}},"31":{"start":{"line":58,"column":27},"end":{"line":58,"column":75}},"32":{"start":{"line":62,"column":8},"end":{"line":62,"column":88}},"33":{"start":{"line":64,"column":8},"end":{"line":64,"column":82}},"34":{"start":{"line":68,"column":0},"end":{"line":68,"column":26}}},"fnMap":{"0":{"name":"(anonymous_8)","decl":{"start":{"line":7,"column":20},"end":{"line":7,"column":27}},"loc":{"start":{"line":7,"column":56},"end":{"line":12,"column":2}}},"1":{"name":"(anonymous_9)","decl":{"start":{"line":7,"column":56},"end":{"line":7,"column":null}},"loc":{"start":{"line":7,"column":56},"end":{"line":12,"column":1}}},"2":{"name":"(anonymous_10)","decl":{"start":{"line":15,"column":21},"end":{"line":15,"column":28}},"loc":{"start":{"line":15,"column":57},"end":{"line":28,"column":2}}},"3":{"name":"(anonymous_11)","decl":{"start":{"line":15,"column":57},"end":{"line":15,"column":null}},"loc":{"start":{"line":15,"column":57},"end":{"line":28,"column":1}}},"4":{"name":"(anonymous_12)","decl":{"start":{"line":31,"column":25},"end":{"line":31,"column":32}},"loc":{"start":{"line":31,"column":61},"end":{"line":45,"column":2}}},"5":{"name":"(anonymous_13)","decl":{"start":{"line":31,"column":61},"end":{"line":31,"column":null}},"loc":{"start":{"line":31,"column":61},"end":{"line":45,"column":1}}},"6":{"name":"(anonymous_14)","decl":{"start":{"line":48,"column":23},"end":{"line":48,"column":30}},"loc":{"start":{"line":48,"column":59},"end":{"line":53,"column":2}}},"7":{"name":"(anonymous_15)","decl":{"start":{"line":48,"column":59},"end":{"line":48,"column":null}},"loc":{"start":{"line":48,"column":59},"end":{"line":53,"column":1}}},"8":{"name":"(anonymous_16)","decl":{"start":{"line":56,"column":26},"end":{"line":56,"column":33}},"loc":{"start":{"line":56,"column":62},"end":{"line":66,"column":2}}},"9":{"name":"(anonymous_17)","decl":{"start":{"line":56,"column":62},"end":{"line":56,"column":null}},"loc":{"start":{"line":56,"column":62},"end":{"line":66,"column":1}}}},"branchMap":{"0":{"loc":{"start":{"line":38,"column":8},"end":{"line":40,"column":9}},"type":"if","locations":[{"start":{"line":38,"column":8},"end":{"line":40,"column":9}}]}},"s":{"0":2,"1":2,"2":2,"3":2,"4":3,"5":3,"6":3,"7":3,"8":2,"9":1,"10":1,"11":1,"12":1,"13":1,"14":1,"15":0,"16":2,"17":1,"18":1,"19":1,"20":1,"21":1,"22":0,"23":2,"24":1,"25":1,"26":1,"27":1,"28":2,"29":2,"30":2,"31":2,"32":1,"33":1,"34":2},"f":{"0":3,"1":3,"2":1,"3":1,"4":1,"5":1,"6":1,"7":1,"8":2,"9":2},"b":{"0":[0]}}
,"/Users/Gus/Documents/CA/Assignments/planthora/planthora-backend/src/models/models.ts": {"path":"/Users/Gus/Documents/CA/Assignments/planthora/planthora-backend/src/models/models.ts","statementMap":{"0":{"start":{"line":1,"column":0},"end":{"line":1,"column":43}},"1":{"start":{"line":2,"column":0},"end":{"line":2,"column":57}},"2":{"start":{"line":5,"column":13},"end":{"line":5,"column":null}}},"fnMap":{},"branchMap":{},"s":{"0":2,"1":2,"2":2},"f":{},"b":{}}
,"/Users/Gus/Documents/CA/Assignments/planthora/planthora-backend/src/schemas/UserSchema.ts": {"path":"/Users/Gus/Documents/CA/Assignments/planthora/planthora-backend/src/schemas/UserSchema.ts","statementMap":{"0":{"start":{"line":1,"column":0},"end":{"line":1,"column":54}},"1":{"start":{"line":9,"column":13},"end":{"line":30,"column":2}}},"fnMap":{},"branchMap":{},"s":{"0":2,"1":2},"f":{},"b":{}}
}
