TN:
SF:src/app.ts
FN:18,(anonymous_1)
FN:22,(anonymous_2)
FNF:2
FNH:1
FNDA:1,(anonymous_1)
FNDA:0,(anonymous_2)
DA:1,2
DA:2,2
DA:4,2
DA:5,2
DA:6,2
DA:8,2
DA:10,2
DA:12,2
DA:13,2
DA:14,2
DA:16,2
DA:18,2
DA:19,1
DA:22,2
DA:23,0
DA:26,2
LF:16
LH:15
BRF:0
BRH:0
end_of_record
TN:
SF:src/controllers/UserRouter.ts
FN:7,(anonymous_8)
FN:7,(anonymous_9)
FN:15,(anonymous_10)
FN:15,(anonymous_11)
FN:31,(anonymous_12)
FN:31,(anonymous_13)
FN:48,(anonymous_14)
FN:48,(anonymous_15)
FN:56,(anonymous_16)
FN:56,(anonymous_17)
FNF:10
FNH:10
FNDA:3,(anonymous_8)
FNDA:3,(anonymous_9)
FNDA:1,(anonymous_10)
FNDA:1,(anonymous_11)
FNDA:1,(anonymous_12)
FNDA:1,(anonymous_13)
FNDA:1,(anonymous_14)
FNDA:1,(anonymous_15)
FNDA:2,(anonymous_16)
FNDA:2,(anonymous_17)
DA:1,2
DA:2,2
DA:4,2
DA:7,3
DA:8,3
DA:10,3
DA:11,3
DA:15,2
DA:16,1
DA:17,1
DA:18,1
DA:23,1
DA:24,1
DA:26,0
DA:31,2
DA:32,1
DA:33,1
DA:38,1
DA:41,1
DA:43,0
DA:48,2
DA:49,1
DA:51,1
DA:52,1
DA:56,2
DA:57,2
DA:58,2
DA:62,1
DA:64,1
DA:68,2
LF:30
LH:28
BRDA:38,0,0,0
BRF:1
BRH:0
end_of_record
TN:
SF:src/models/models.ts
FNF:0
FNH:0
DA:1,2
DA:2,2
DA:5,2
LF:3
LH:3
BRF:0
BRH:0
end_of_record
TN:
SF:src/schemas/UserSchema.ts
FNF:0
FNH:0
DA:1,2
DA:9,2
LF:2
LH:2
BRF:0
BRH:0
end_of_record
